<?xml version="1.0" encoding="UTF-8"?>
<robot generator="Robot 7.2.2 (Python 3.13.3 on win32)" generated="2026-05-24T11:27:02.022280" rpa="false" schemaversion="5">
<suite id="s1" name="Amazon1" source="C:\Project_demo\TestAutomation\Test_suites\Amazon\amazon1.robot">
<kw name="Open Application" owner="libraries" type="SETUP">
<kw name="Open Browser" owner="SeleniumLibrary">
<msg time="2026-05-24T11:27:02.615662" level="INFO">Opening browser 'chrome' to base url 'https://amazon.com'.</msg>
<arg>https://amazon.com</arg>
<arg>chrome</arg>
<doc>Opens a new browser instance to the optional ``url``.</doc>
<status status="PASS" start="2026-05-24T11:27:02.615145" elapsed="4.311337"/>
</kw>
<kw name="Maximize Browser Window" owner="SeleniumLibrary">
<doc>Maximizes current browser window.</doc>
<status status="PASS" start="2026-05-24T11:27:06.926840" elapsed="0.149804"/>
</kw>
<kw name="Wait Until Element Is Visible" owner="SeleniumLibrary">
<arg>//div[@class="nav-line-1-container"]//span[text()='Hello, sign in']</arg>
<arg>30s</arg>
<doc>Waits until the element ``locator`` is visible.</doc>
<status status="PASS" start="2026-05-24T11:27:07.076946" elapsed="4.649610"/>
</kw>
<kw name="Scroll Element Into View" owner="SeleniumLibrary">
<arg>//div[@class="nav-line-1-container"]//span[text()='Hello, sign in']</arg>
<doc>Scrolls the element identified by ``locator`` into view.</doc>
<status status="PASS" start="2026-05-24T11:27:11.727133" elapsed="5.399642"/>
</kw>
<kw name="Wait Until Element Is Visible" owner="SeleniumLibrary">
<arg>//span[@class="nav-action-inner" and normalize-space()='Sign in']</arg>
<doc>Waits until the element ``locator`` is visible.</doc>
<status status="PASS" start="2026-05-24T11:27:17.127155" elapsed="0.034095"/>
</kw>
<kw name="Click Element" owner="SeleniumLibrary">
<msg time="2026-05-24T11:27:17.161669" level="INFO">Clicking element '//span[@class="nav-action-inner" and normalize-space()='Sign in']'.</msg>
<arg>//span[@class="nav-action-inner" and normalize-space()='Sign in']</arg>
<doc>Click the element identified by ``locator``.</doc>
<status status="PASS" start="2026-05-24T11:27:17.161456" elapsed="1.555144"/>
</kw>
<kw name="Wait Until Element Is Visible" owner="SeleniumLibrary">
<arg>//h1[normalize-space()='Sign in or create account']</arg>
<doc>Waits until the element ``locator`` is visible.</doc>
<status status="PASS" start="2026-05-24T11:27:18.716948" elapsed="0.084039"/>
</kw>
<kw name="Login With Credentials" owner="common">
<kw name="Input Text" owner="SeleniumLibrary">
<msg time="2026-05-24T11:27:18.802312" level="INFO">Typing text '8639526608' into text field 'id=ap_email_login'.</msg>
<arg>id=ap_email_login</arg>
<arg>${username}</arg>
<doc>Types the given ``text`` into the text field identified by ``locator``.</doc>
<status status="PASS" start="2026-05-24T11:27:18.801658" elapsed="0.221421"/>
</kw>
<kw name="Sleep" owner="BuiltIn">
<msg time="2026-05-24T11:27:21.024249" level="INFO">Slept 2 seconds.</msg>
<arg>2s</arg>
<doc>Pauses the test executed for the given time.</doc>
<status status="PASS" start="2026-05-24T11:27:19.023281" elapsed="2.001307"/>
</kw>
<kw name="Wait Until Element Is Visible" owner="SeleniumLibrary">
<arg>//span[@class="a-button-inner"]//i[@class="a-icon a-icon-dropdown"]</arg>
<arg>10s</arg>
<doc>Waits until the element ``locator`` is visible.</doc>
<status status="PASS" start="2026-05-24T11:27:21.025201" elapsed="0.037437"/>
</kw>
<kw name="Click Element" owner="SeleniumLibrary">
<msg time="2026-05-24T11:27:21.063103" level="INFO">Clicking element '//span[@class="a-button-inner"]//span[@class="a-dropdown-prompt"]'.</msg>
<arg>//span[@class="a-button-inner"]//span[@class="a-dropdown-prompt"]</arg>
<doc>Click the element identified by ``locator``.</doc>
<status status="PASS" start="2026-05-24T11:27:21.062855" elapsed="0.111935"/>
</kw>
<kw name="Scroll Element Into View" owner="SeleniumLibrary">
<msg time="2026-05-24T11:27:21.981253" level="INFO" html="true">&lt;/td&gt;&lt;/tr&gt;&lt;tr&gt;&lt;td colspan="3"&gt;&lt;a href="selenium-screenshot-5.png"&gt;&lt;img src="selenium-screenshot-5.png" width="800px"&gt;&lt;/a&gt;</msg>
<msg time="2026-05-24T11:27:21.982536" level="FAIL">Element with locator '//a//span[@dir="ltr" and text()='+91']' not found.</msg>
<arg>//a//span[@dir="ltr" and text()='+91']</arg>
<doc>Scrolls the element identified by ``locator`` into view.</doc>
<status status="FAIL" start="2026-05-24T11:27:21.175016" elapsed="1.032433">Element with locator '//a//span[@dir="ltr" and text()='+91']' not found.</status>
</kw>
<kw name="Click Element" owner="SeleniumLibrary">
<arg>//a//span[@dir="ltr" and text()='+91']</arg>
<doc>Click the element identified by ``locator``.</doc>
<status status="NOT RUN" start="2026-05-24T11:27:22.207862" elapsed="0.000069"/>
</kw>
<kw name="Sleep" owner="BuiltIn">
<arg>1s</arg>
<doc>Pauses the test executed for the given time.</doc>
<status status="NOT RUN" start="2026-05-24T11:27:22.208072" elapsed="0.000033"/>
</kw>
<kw name="Click Element" owner="SeleniumLibrary">
<arg>//input[@class="a-button-input" and @type="submit"]</arg>
<doc>Click the element identified by ``locator``.</doc>
<status status="NOT RUN" start="2026-05-24T11:27:22.208221" elapsed="0.000028"/>
</kw>
<kw name="Wait Until Element Is Visible" owner="SeleniumLibrary">
<arg>//h1[@class="a-spacing-small" and normalize-space()='Sign in']</arg>
<doc>Waits until the element ``locator`` is visible.</doc>
<status status="NOT RUN" start="2026-05-24T11:27:22.208350" elapsed="0.000027"/>
</kw>
<kw name="Input Text" owner="SeleniumLibrary">
<arg>id=ap_password</arg>
<arg>${password}</arg>
<doc>Types the given ``text`` into the text field identified by ``locator``.</doc>
<status status="NOT RUN" start="2026-05-24T11:27:22.208503" elapsed="0.000026"/>
</kw>
<kw name="Click Element" owner="SeleniumLibrary">
<arg>//input[@id="signInSubmit"]</arg>
<doc>Click the element identified by ``locator``.</doc>
<status status="NOT RUN" start="2026-05-24T11:27:22.208621" elapsed="0.000025"/>
</kw>
<arg>8639526608</arg>
<arg>HitherSONIhere@</arg>
<status status="FAIL" start="2026-05-24T11:27:18.801301" elapsed="3.407657">Element with locator '//a//span[@dir="ltr" and text()='+91']' not found.</status>
</kw>
<status status="FAIL" start="2026-05-24T11:27:02.614081" elapsed="19.595006">Element with locator '//a//span[@dir="ltr" and text()='+91']' not found.</status>
</kw>
<test id="s1-t1" name="TC 1 Login to Amazon" line="14">
<tag>a:kp111</tag>
<tag>test1</tag>
<status status="FAIL" start="2026-05-24T11:27:22.209247" elapsed="0.001216">Parent suite setup failed:
Element with locator '//a//span[@dir="ltr" and text()='+91']' not found.</status>
</test>
<test id="s1-t2" name="TC2" line="20">
<tag>a:kp111</tag>
<tag>test3</tag>
<status status="FAIL" start="2026-05-24T11:27:22.212175" elapsed="0.000770">Parent suite setup failed:
Element with locator '//a//span[@dir="ltr" and text()='+91']' not found.</status>
</test>
<test id="s1-t3" name="tc3" line="28">
<tag>a:kp111</tag>
<tag>test2</tag>
<status status="FAIL" start="2026-05-24T11:27:22.213788" elapsed="0.000643">Parent suite setup failed:
Element with locator '//a//span[@dir="ltr" and text()='+91']' not found.</status>
</test>
<kw name="End Execution" owner="libraries" type="TEARDOWN">
<kw name="Log" owner="BuiltIn">
<msg time="2026-05-24T11:27:22.219263" level="FAIL">Variable '${TEST STATUS}' not found. Did you mean:
    ${PREV_TEST_STATUS}</msg>
<arg>${TEST STATUS}</arg>
<doc>Logs the given message with the given level.</doc>
<status status="FAIL" start="2026-05-24T11:27:22.216870" elapsed="0.002593">Variable '${TEST STATUS}' not found. Did you mean:
    ${PREV_TEST_STATUS}</status>
</kw>
<kw name="Close All Browsers" owner="SeleniumLibrary">
<doc>Closes all open browsers and resets the browser cache.</doc>
<status status="PASS" start="2026-05-24T11:27:22.219810" elapsed="2.348245"/>
</kw>
<status status="FAIL" start="2026-05-24T11:27:22.216306" elapsed="2.352428">Variable '${TEST STATUS}' not found. Did you mean:
    ${PREV_TEST_STATUS}</status>
</kw>
<status status="FAIL" start="2026-05-24T11:27:02.082010" elapsed="22.487343">Suite setup failed:
Element with locator '//a//span[@dir="ltr" and text()='+91']' not found.

Also suite teardown failed:
Variable '${TEST STATUS}' not found. Did you mean:
    ${PREV_TEST_STATUS}</status>
</suite>
<statistics>
<total>
<stat pass="0" fail="3" skip="0">All Tests</stat>
</total>
<tag>
<stat pass="0" fail="3" skip="0">a:kp111</stat>
<stat pass="0" fail="1" skip="0">test1</stat>
<stat pass="0" fail="1" skip="0">test2</stat>
<stat pass="0" fail="1" skip="0">test3</stat>
</tag>
<suite>
<stat name="Amazon1" id="s1" pass="0" fail="3" skip="0">Amazon1</stat>
</suite>
</statistics>
<errors>
</errors>
</robot>
